<?xml version="1.0" encoding="UTF-8"?>
<testng-results ignored="0" total="1" passed="1" failed="0" skipped="0">
  <reporter-output>
  </reporter-output>
  <suite started-at="2024-02-26T11:26:06 IST" name="Default suite" finished-at="2024-02-26T11:27:13 IST" duration-ms="67087">
    <groups>
    </groups>
    <test started-at="2024-02-26T11:26:06 IST" name="Default test" finished-at="2024-02-26T11:27:13 IST" duration-ms="67087">
      <class name="stepDefinition.SearchDDT">
        <test-method is-config="true" signature="beforeTest()[pri:0, instance:stepDefinition.SearchDDT@639c2c1d]" started-at="2024-02-26T11:26:06 IST" name="beforeTest" finished-at="2024-02-26T11:26:18 IST" duration-ms="12138" status="PASS">
          <reporter-output>
          </reporter-output>
        </test-method> <!-- beforeTest -->
        <test-method signature="searchTest()[pri:0, instance:stepDefinition.SearchDDT@639c2c1d]" started-at="2024-02-26T11:26:18 IST" name="searchTest" finished-at="2024-02-26T11:27:11 IST" duration-ms="52858" status="PASS">
          <reporter-output>
          </reporter-output>
        </test-method> <!-- searchTest -->
        <test-method is-config="true" signature="afterTest()[pri:0, instance:stepDefinition.SearchDDT@639c2c1d]" started-at="2024-02-26T11:27:11 IST" name="afterTest" finished-at="2024-02-26T11:27:13 IST" duration-ms="1832" status="PASS">
          <reporter-output>
          </reporter-output>
        </test-method> <!-- afterTest -->
      </class> <!-- stepDefinition.SearchDDT -->
    </test> <!-- Default test -->
  </suite> <!-- Default suite -->
</testng-results>
